<?xml version="1.0" encoding="UTF-8"?>
<testsuite name="com.opencart.Login" tests="1" skipped="0" failures="0" errors="0" timestamp="2022-04-06T12:42:57" hostname="LAPTOP-OEHP5572" time="45.806">
  <properties/>
  <testcase name="search" classname="com.opencart.Login" time="45.806"/>
  <system-out><![CDATA[]]></system-out>
  <system-err><![CDATA[Starting ChromeDriver 100.0.4896.60 (6a5d10861ce8de5fce22564658033b43cb7de047-refs/branch-heads/4896@{#875}) on port 30471
Only local connections are allowed.
Please see https://chromedriver.chromium.org/security-considerations for suggestions on keeping ChromeDriver safe.
ChromeDriver was started successfully.
Apr 06, 2022 7:43:01 AM org.openqa.selenium.remote.ProtocolHandshake createSession
INFO: Detected dialect: W3C
]]></system-err>
</testsuite>
