<?xml version="1.0" encoding="UTF-8"?>
<testsuite name="com.opencart.Login" tests="1" skipped="0" failures="0" errors="0" timestamp="2022-03-28T13:02:15" hostname="LAPTOP-OEHP5572" time="24.616">
  <properties/>
  <testcase name="search" classname="com.opencart.Login" time="24.616"/>
  <system-out><![CDATA[]]></system-out>
  <system-err><![CDATA[Starting ChromeDriver 98.0.4758.102 (273bf7ac8c909cde36982d27f66f3c70846a3718-refs/branch-heads/4758@{#1151}) on port 20029
Only local connections are allowed.
Please see https://chromedriver.chromium.org/security-considerations for suggestions on keeping ChromeDriver safe.
ChromeDriver was started successfully.
[1648472537.214][WARNING]: This version of ChromeDriver has not been tested with Chrome version 99.
Mar 28, 2022 8:02:17 AM org.openqa.selenium.remote.ProtocolHandshake createSession
INFO: Detected dialect: W3C
]]></system-err>
</testsuite>
